<?xml version="1.0" encoding="UTF-8"?>
<testng-results ignored="0" total="2" passed="2" failed="0" skipped="0">
  <reporter-output>
  </reporter-output>
  <suite started-at="2024-07-28T21:37:10Z" name="Suite" finished-at="2024-07-28T21:37:37Z" duration-ms="26502">
    <groups>
    </groups>
    <test started-at="2024-07-28T21:37:10Z" name="Test" finished-at="2024-07-28T21:37:37Z" duration-ms="26502">
      <class name="dockerProject.SeleniumGridFirefoxTest">
        <test-method signature="test()[pri:0, instance:dockerProject.SeleniumGridFirefoxTest@30c93896]" started-at="2024-07-28T21:37:26Z" name="test" finished-at="2024-07-28T21:37:32Z" duration-ms="6352" status="PASS">
          <reporter-output>
          </reporter-output>
        </test-method> <!-- test -->
      </class> <!-- dockerProject.SeleniumGridFirefoxTest -->
      <class name="dockerProject.SeleniumGridChromeTest">
        <test-method signature="test()[pri:0, instance:dockerProject.SeleniumGridChromeTest@59a008ba]" started-at="2024-07-28T21:37:26Z" name="test" finished-at="2024-07-28T21:37:30Z" duration-ms="4006" status="PASS">
          <reporter-output>
          </reporter-output>
        </test-method> <!-- test -->
      </class> <!-- dockerProject.SeleniumGridChromeTest -->
      <class name="dockerProject.Setup_dockerGrid">
        <test-method is-config="true" signature="startDockerGrid()[pri:0, instance:dockerProject.Setup_dockerGrid@2421cc4]" started-at="2024-07-28T21:37:10Z" name="startDockerGrid" finished-at="2024-07-28T21:37:26Z" duration-ms="15065" status="PASS">
          <reporter-output>
          </reporter-output>
        </test-method> <!-- startDockerGrid -->
        <test-method is-config="true" signature="stopDockerGrid()[pri:0, instance:dockerProject.Setup_dockerGrid@2421cc4]" started-at="2024-07-28T21:37:32Z" name="stopDockerGrid" finished-at="2024-07-28T21:37:37Z" duration-ms="5051" status="PASS">
          <reporter-output>
          </reporter-output>
        </test-method> <!-- stopDockerGrid -->
      </class> <!-- dockerProject.Setup_dockerGrid -->
    </test> <!-- Test -->
  </suite> <!-- Suite -->
</testng-results>
