<?xml version="1.0" encoding="UTF-8"?>
<testng-results ignored="0" total="2" passed="2" failed="0" skipped="0">
  <reporter-output>
  </reporter-output>
  <suite started-at="2024-07-28T16:20:32 CDT" name="Suite" finished-at="2024-07-28T16:20:58 CDT" duration-ms="26272">
    <groups>
    </groups>
    <test started-at="2024-07-28T16:20:32 CDT" name="Test" finished-at="2024-07-28T16:20:58 CDT" duration-ms="26272">
      <class name="dockerProject.SeleniumGridFirefoxTest">
        <test-method signature="test()[pri:0, instance:dockerProject.SeleniumGridFirefoxTest@4a83a74a]" started-at="2024-07-28T16:20:47 CDT" name="test" finished-at="2024-07-28T16:20:53 CDT" duration-ms="6089" status="PASS">
          <reporter-output>
          </reporter-output>
        </test-method> <!-- test -->
      </class> <!-- dockerProject.SeleniumGridFirefoxTest -->
      <class name="dockerProject.SeleniumGridChromeTest">
        <test-method signature="test()[pri:0, instance:dockerProject.SeleniumGridChromeTest@1349883]" started-at="2024-07-28T16:20:47 CDT" name="test" finished-at="2024-07-28T16:20:51 CDT" duration-ms="3586" status="PASS">
          <reporter-output>
          </reporter-output>
        </test-method> <!-- test -->
      </class> <!-- dockerProject.SeleniumGridChromeTest -->
      <class name="dockerProject.Setup_dockerGrid">
        <test-method is-config="true" signature="startDockerGrid()[pri:0, instance:dockerProject.Setup_dockerGrid@74e28667]" started-at="2024-07-28T16:20:32 CDT" name="startDockerGrid" finished-at="2024-07-28T16:20:47 CDT" duration-ms="15048" status="PASS">
          <reporter-output>
          </reporter-output>
        </test-method> <!-- startDockerGrid -->
        <test-method is-config="true" signature="stopDockerGrid()[pri:0, instance:dockerProject.Setup_dockerGrid@74e28667]" started-at="2024-07-28T16:20:53 CDT" name="stopDockerGrid" finished-at="2024-07-28T16:20:58 CDT" duration-ms="5038" status="PASS">
          <reporter-output>
          </reporter-output>
        </test-method> <!-- stopDockerGrid -->
      </class> <!-- dockerProject.Setup_dockerGrid -->
    </test> <!-- Test -->
  </suite> <!-- Suite -->
</testng-results>
